02-May-21 18:32:04 — Import — INFO — User:(000123) - Clicked Import Assets Button
02-May-21 18:32:22 — Import — INFO — User:(000123) - Clicked Import Assets Button
02-May-21 18:33:51 — Import — INFO — User:(000123) - Clicked Import Assets Button
02-May-21 18:34:35 — Import — INFO — User:(000123) - Clicked Import Assets Button
02-May-21 18:35:50 — Import — INFO — User:(000123) - Clicked Import Assets Button
02-May-21 18:36:05 — Import — INFO — User:(000123) - Clicked Import Assets Button
02-May-21 18:44:04 — Import — INFO — User:(000123) - Clicked Import Assets Button
02-May-21 18:44:32 — Import — INFO — User:(000123) - Clicked Import Employees Button
02-May-21 18:44:37 — Import — INFO — User:(000123) - Clicked Import Assets Button
02-May-21 18:46:07 — Import — INFO — User:(000123) - Clicked Import Assets Button
02-May-21 18:46:33 — Import — INFO — User:(000123) - Clicked Import Assets Button
02-May-21 18:47:12 — Import — INFO — User:(000123) - Clicked Import Assets Button
02-May-21 18:48:10 — Import — INFO — User:(000123) - Clicked Import Employees Button
02-May-21 18:48:35 — Import — INFO — Employee: 124152 already exists in the database, Employee not imported
02-May-21 18:48:35 — Import — INFO — Employee: 251241 already exists in the database, Employee not imported
02-May-21 18:48:35 — Import — INFO — Employee: 123241 already exists in the database, Employee not imported
02-May-21 18:48:56 — Import — INFO — User:(000123) - Clicked Import Employees Button
02-May-21 18:50:02 — Import — INFO — User:(000123) - Clicked Import Assets Button
02-May-21 18:50:44 — Import — INFO — User:(000123) - Clicked Import Employees Button
02-May-21 18:51:32 — Import — INFO — Employee: 124152 already exists in the database, Employee not imported
02-May-21 18:51:32 — Import — INFO — Employee: 251241 already exists in the database, Employee not imported
02-May-21 18:51:32 — Import — INFO — Employee: 123241 already exists in the database, Employee not imported
02-May-21 18:51:33 — Import — INFO — User:(000123) - Clicked Import Assets Button
02-May-21 18:54:58 — Import — INFO — User:(000123) - Clicked Import Assets Button
02-May-21 18:55:10 — Import — INFO — Asset: (499999) in wrong format, Asset not imported
02-May-21 18:55:10 — Import — INFO — Asset: E6394850 already exists in the database, asset not imported
02-May-21 18:55:10 — Import — INFO — Asset: E0000000 already exists in the database, asset not imported
